Build started 8/19/2013 11:13:56 AM.
     1>Project "C:\Users\Dipanjan\Documents\Visual Studio 2012\Projects\ann\tests\tests.vcxproj" on node 2 (Build target(s)).
     1>ClCompile:
         C:\Program Files (x86)\Microsoft Visual Studio 11.0\VC\bin\CL.exe /c /I"C:\Program Files (x86)\Microsoft Visual Studio 11.0\VC\UnitTest\include" /Zi /nologo /W3 /WX- /O2 /Oi /Oy- /GL /D WIN32 /D NDEBUG /D _WINDLL /D _UNICODE /D UNICODE /Gm- /EHsc /MD /GS /Gy /fp:precise /Zc:wchar_t /Zc:forScope /Yu"stdafx.h" /Fp"Release\tests.pch" /Fo"Release\\" /Fd"Release\vc110.pdb" /Gd /TP /analyze- /FC /errorReport:prompt unittest1.cpp
         unittest1.cpp
     1>c:\users\dipanjan\documents\visual studio 2012\projects\ann\tests\unittest1.cpp(3): fatal error C1083: Cannot open include file: 'PerceptronLayer.h': No such file or directory
     1>Done Building Project "C:\Users\Dipanjan\Documents\Visual Studio 2012\Projects\ann\tests\tests.vcxproj" (Build target(s)) -- FAILED.

Build FAILED.

Time Elapsed 00:00:00.07
